2019-02-04 18:54:16 INFO  Log:12 - Test is Starting...
2019-02-04 18:54:52 INFO  Log:12 - Test is Starting...
2019-02-04 18:57:04 INFO  Log:12 - Test is Starting...
2019-02-04 18:57:06 INFO  Log:12 - Test is Starting...
2019-02-04 18:58:53 INFO  Log:12 - Test is Starting...
2019-02-04 18:59:54 INFO  Log:12 - Test is Starting...
2019-02-04 19:00:05 INFO  Log:22 - opening Homeaway Website
2019-02-04 19:00:31 INFO  Log:22 - Chrome Browser is opened
2019-02-04 19:00:33 INFO  Log:22 - Browser is maximized
2019-02-04 19:01:06 INFO  Log:17 - Test is Ending...
2019-02-04 19:05:49 INFO  Log:12 - Test is Starting...
2019-02-04 19:06:00 INFO  Log:22 - Opening Homeaway Website
2019-02-04 19:06:24 INFO  Log:22 - Chrome Browser is opened
2019-02-04 19:06:26 INFO  Log:22 - Browser is maximized
2019-02-04 19:06:27 INFO  Log:22 - Homepage is opened
2019-02-04 19:06:46 INFO  Log:17 - Test is Ending...
2019-02-04 19:07:25 INFO  Log:12 - Test is Starting...
2019-02-04 19:07:35 INFO  Log:22 - Opening Homeaway Website
2019-02-04 19:08:19 INFO  Log:22 - Chrome Browser is opened
2019-02-04 19:08:26 INFO  Log:22 - Browser is maximized
2019-02-04 19:08:26 INFO  Log:22 - Homepage is opened
2019-02-04 19:08:38 INFO  Log:22 - Username Entered
2019-02-04 19:08:42 INFO  Log:22 - Password Entered
2019-02-04 19:08:48 INFO  Log:22 - Destination Entered
2019-02-04 19:08:49 INFO  Log:22 - Arrival Date Entered
2019-02-04 19:08:54 INFO  Log:22 - Departure Date Entered
2019-02-04 19:09:50 INFO  Log:17 - Test is Ending...
2019-02-04 20:12:48 INFO  Log:12 - Test is Starting...
2019-02-04 20:12:57 INFO  Log:22 - Opening Homeaway Website
2019-02-04 20:13:18 INFO  Log:22 - Chrome Browser is opened
2019-02-04 20:13:21 INFO  Log:22 - Browser is maximized
2019-02-04 20:13:21 INFO  Log:22 - Homepage is opened
2019-02-04 20:13:48 INFO  Log:22 - Username Entered
2019-02-04 20:13:51 INFO  Log:22 - Password Entered
2019-02-04 20:13:57 INFO  Log:22 - Destination Entered
2019-02-04 20:13:57 INFO  Log:22 - Arrival Date Entered
2019-02-04 20:14:03 INFO  Log:22 - Departure Date Entered
2019-02-04 20:14:03 INFO  Log:22 - guest Count Entered
2019-02-04 20:14:23 INFO  Log:22 - Search Page is opened
2019-02-04 20:14:28 INFO  Log:17 - Test is Ending...
2019-02-04 20:17:30 INFO  Log:12 - Test is Starting...
2019-02-04 20:17:52 INFO  Log:22 - Opening Homeaway Website
2019-02-04 20:19:53 INFO  Log:22 - Chrome Browser is opened
2019-02-04 20:19:56 INFO  Log:22 - Browser is maximized
2019-02-04 20:19:56 INFO  Log:22 - Homepage is opened
2019-02-04 20:20:19 INFO  Log:22 - Username Entered
2019-02-04 20:20:23 INFO  Log:22 - Password Entered
2019-02-04 20:20:29 INFO  Log:22 - Destination Entered
2019-02-04 20:20:29 INFO  Log:22 - Arrival Date Entered
2019-02-04 20:20:35 INFO  Log:22 - Departure Date Entered
2019-02-04 20:20:40 INFO  Log:17 - Test is Ending...
2019-02-04 20:24:59 INFO  Log:12 - Test is Starting...
2019-02-04 20:25:16 INFO  Log:22 - Opening Homeaway Website
2019-02-04 20:27:12 INFO  Log:22 - Chrome Browser is opened
2019-02-04 20:27:16 INFO  Log:22 - Browser is maximized
2019-02-04 20:27:17 INFO  Log:22 - Homepage is opened
2019-02-04 20:27:31 INFO  Log:22 - Username Entered
2019-02-04 20:27:34 INFO  Log:22 - Password Entered
2019-02-04 20:27:40 INFO  Log:22 - Destination Entered
2019-02-04 20:27:41 INFO  Log:22 - Arrival Date Entered
2019-02-04 20:27:46 INFO  Log:22 - Departure Date Entered
2019-02-04 20:27:47 INFO  Log:22 - guest Count Entered
2019-02-04 20:29:19 INFO  Log:22 - Search Page is opened
2019-02-04 20:29:28 INFO  Log:17 - Test is Ending...
2019-02-05 19:17:33 INFO  Log:12 - Test is Starting...
2019-02-05 19:18:44 INFO  Log:22 - Opening Homeaway Website
2019-02-05 19:18:54 INFO  Log:22 - Chrome Browser is opened
2019-02-05 19:18:56 INFO  Log:22 - Browser is maximized
2019-02-05 19:18:58 INFO  Log:22 - Homepage is opened
2019-02-05 19:19:00 INFO  Log:17 - Test is Ending...
2019-02-05 19:28:25 INFO  Log:12 - Test is Starting...
2019-02-05 19:29:06 INFO  Log:22 - Opening Homeaway Website
2019-02-05 19:29:13 INFO  Log:22 - Chrome Browser is opened
2019-02-05 19:29:15 INFO  Log:22 - Browser is maximized
2019-02-05 19:29:15 INFO  Log:22 - Homepage is opened
2019-02-05 19:29:16 INFO  Log:17 - Test is Ending...
2019-02-05 19:33:00 INFO  Log:12 - Test is Starting...
2019-02-05 19:33:32 INFO  Log:22 - Opening Homeaway Website
2019-02-05 19:33:37 INFO  Log:22 - Chrome Browser is opened
2019-02-05 19:45:38 INFO  Log:12 - Test is Starting...
2019-02-05 19:46:47 INFO  Log:22 - Opening Homeaway Website
2019-02-05 19:50:16 INFO  Log:22 - Chrome Browser is opened
2019-02-05 19:50:22 INFO  Log:22 - Browser is maximized
2019-02-05 19:50:24 INFO  Log:22 - Homepage is opened
2019-02-05 19:50:45 INFO  Log:22 - Username Entered
2019-02-05 19:50:50 INFO  Log:22 - Password Entered
2019-02-05 19:50:56 INFO  Log:22 - Destination Entered
2019-02-05 19:50:56 INFO  Log:22 - Arrival Date Entered
2019-02-05 19:51:02 INFO  Log:22 - Departure Date Entered
2019-02-05 19:51:03 INFO  Log:22 - guest Count Entered
2019-02-05 19:51:43 INFO  Log:22 - Search Page is opened
2019-02-05 19:51:52 INFO  Log:17 - Test is Ending...
2019-02-05 19:57:59 INFO  Log:12 - Test is Starting...
2019-02-05 19:58:11 INFO  Log:22 - Opening Homeaway Website
2019-02-05 19:59:43 INFO  Log:22 - Chrome Browser is opened
2019-02-05 19:59:46 INFO  Log:22 - Browser is maximized
2019-02-05 19:59:47 INFO  Log:22 - Homepage is opened
2019-02-05 19:59:52 INFO  Log:17 - Test is Ending...
2019-02-05 20:08:29 INFO  Log:12 - Test is Starting...
2019-02-05 20:09:02 INFO  Log:22 - Opening Homeaway Website
2019-02-05 20:10:25 INFO  Log:22 - Chrome Browser is opened
2019-02-05 20:10:33 INFO  Log:22 - Browser is maximized
2019-02-05 20:10:34 INFO  Log:22 - Homepage is opened
2019-02-05 20:10:52 INFO  Log:22 - Username Entered
2019-02-05 20:10:55 INFO  Log:22 - Password Entered
2019-02-05 20:11:01 INFO  Log:22 - Destination Entered
2019-02-05 20:11:01 INFO  Log:22 - Arrival Date Entered
2019-02-05 20:11:07 INFO  Log:22 - Departure Date Entered
2019-02-05 20:11:07 INFO  Log:22 - guest Count Entered
2019-02-05 20:11:20 INFO  Log:22 - Search Page is opened
2019-02-05 20:11:25 INFO  Log:17 - Test is Ending...
2019-02-13 15:46:41 INFO  Log:12 - Test is Starting...
2019-02-13 15:47:25 INFO  Log:22 - Opening Homeaway Website
2019-02-13 15:48:32 INFO  Log:22 - Chrome Browser is opened
2019-02-13 15:48:53 INFO  Log:12 - Test is Starting...
2019-02-13 15:49:01 INFO  Log:22 - Opening Homeaway Website
2019-02-13 15:49:46 INFO  Log:22 - Chrome Browser is opened
2019-02-13 15:49:48 INFO  Log:22 - Browser is maximized
2019-02-13 15:49:48 INFO  Log:22 - Homepage is opened
2019-02-13 15:49:57 INFO  Log:22 - Username Entered
2019-02-13 15:49:59 INFO  Log:22 - Password Entered
2019-02-13 15:50:05 INFO  Log:22 - Destination Entered
2019-02-13 15:50:06 INFO  Log:22 - Arrival Date Entered
2019-02-13 15:50:12 INFO  Log:22 - Departure Date Entered
2019-02-13 15:50:12 INFO  Log:22 - guest Count Entered
2019-02-13 15:50:54 INFO  Log:22 - Search Page is opened
2019-02-13 15:51:04 INFO  Log:22 - Property Details Page is opened
2019-02-13 15:51:13 INFO  Log:22 - Mobile Number Entered
2019-02-13 15:51:27 INFO  Log:22 - Message to Owner Entered
2019-02-13 15:51:28 INFO  Log:22 - Inquiry Sent Successfully
2019-02-13 15:51:29 INFO  Log:17 - Test is Ending...
2019-02-18 18:11:43 INFO  Log:12 - Test is Starting...
2019-02-18 18:12:04 INFO  Log:22 - Opening Homeaway Website
2019-02-18 18:13:07 INFO  Log:22 - Chrome Browser is opened
2019-02-18 18:13:09 INFO  Log:22 - Browser is maximized
2019-02-18 18:13:09 INFO  Log:22 - Homepage is opened
2019-02-18 18:13:19 INFO  Log:22 - Username Entered
2019-02-18 18:13:23 INFO  Log:22 - Password Entered
2019-02-18 18:13:29 INFO  Log:22 - Destination Entered
2019-02-18 18:13:30 INFO  Log:22 - Arrival Date Entered
2019-02-18 18:13:35 INFO  Log:17 - Test is Ending...
2019-02-18 18:14:19 INFO  Log:12 - Test is Starting...
2019-02-18 18:14:27 INFO  Log:22 - Opening Homeaway Website
2019-02-18 18:15:29 INFO  Log:22 - Chrome Browser is opened
2019-02-18 18:15:32 INFO  Log:22 - Browser is maximized
2019-02-18 18:15:33 INFO  Log:22 - Homepage is opened
2019-02-18 18:15:37 INFO  Log:17 - Test is Ending...
2019-02-18 18:21:44 INFO  Log:12 - Test is Starting...
2019-02-18 18:21:53 INFO  Log:22 - Opening Homeaway Website
2019-02-18 18:22:41 INFO  Log:22 - Chrome Browser is opened
2019-02-18 18:22:44 INFO  Log:22 - Browser is maximized
2019-02-18 18:22:45 INFO  Log:22 - Homepage is opened
2019-02-18 18:22:56 INFO  Log:22 - Username Entered
2019-02-18 18:22:59 INFO  Log:22 - Password Entered
2019-02-18 18:23:04 INFO  Log:22 - Destination Entered
2019-02-18 18:23:05 INFO  Log:22 - Arrival Date Entered
2019-02-18 18:23:10 INFO  Log:17 - Test is Ending...
2019-02-18 19:27:16 INFO  Log:12 - Test is Starting...
2019-02-18 19:27:56 INFO  Log:22 - Opening Homeaway Website
2019-02-18 19:29:57 INFO  Log:22 - Chrome Browser is opened
2019-02-18 19:29:59 INFO  Log:22 - Browser is maximized
2019-02-18 19:30:02 INFO  Log:22 - Homepage is opened
2019-02-18 19:30:09 INFO  Log:17 - Test is Ending...
2019-02-21 18:36:43 INFO  Log:12 - Test is Starting...
2019-02-21 18:37:14 INFO  Log:22 - Opening Homeaway Website
2019-02-21 18:38:26 INFO  Log:22 - Chrome Browser is opened
2019-02-21 18:38:29 INFO  Log:22 - Browser is maximized
2019-02-21 18:38:29 INFO  Log:22 - Homepage is opened
2019-02-21 18:38:37 INFO  Log:22 - Username Entered
2019-02-21 18:38:39 INFO  Log:22 - Password Entered
2019-02-21 18:38:44 INFO  Log:22 - Destination Entered
2019-02-21 18:38:46 INFO  Log:22 - Arrival Date Entered
2019-02-21 18:38:51 INFO  Log:17 - Test is Ending...
2019-02-21 18:45:20 INFO  Log:12 - Test is Starting...
2019-02-21 18:46:05 INFO  Log:22 - Opening Homeaway Website
2019-02-21 18:48:10 INFO  Log:22 - Chrome Browser is opened
2019-02-21 18:48:13 INFO  Log:22 - Browser is maximized
2019-02-21 18:48:14 INFO  Log:22 - Homepage is opened
2019-02-21 18:48:21 INFO  Log:22 - Username Entered
2019-02-21 18:48:24 INFO  Log:22 - Password Entered
2019-02-21 18:48:30 INFO  Log:22 - Destination Entered
2019-02-21 18:48:31 INFO  Log:22 - Arrival Date Entered
2019-02-21 18:48:37 INFO  Log:17 - Test is Ending...
2019-02-21 18:51:02 INFO  Log:12 - Test is Starting...
2019-02-21 18:51:15 INFO  Log:22 - Opening Homeaway Website
2019-02-21 18:52:31 INFO  Log:22 - Chrome Browser is opened
2019-02-21 18:52:36 INFO  Log:22 - Browser is maximized
2019-02-21 18:52:37 INFO  Log:22 - Homepage is opened
2019-02-21 18:52:49 INFO  Log:22 - Username Entered
2019-02-21 18:52:52 INFO  Log:22 - Password Entered
2019-02-21 18:52:58 INFO  Log:22 - Destination Entered
2019-02-21 18:52:59 INFO  Log:22 - Arrival Date Entered
2019-02-21 18:53:04 INFO  Log:17 - Test is Ending...
2019-02-21 18:56:17 INFO  Log:12 - Test is Starting...
2019-02-21 18:56:32 INFO  Log:22 - Opening Homeaway Website
2019-02-21 18:58:14 INFO  Log:22 - Chrome Browser is opened
2019-02-21 18:58:19 INFO  Log:22 - Browser is maximized
2019-02-21 18:58:20 INFO  Log:22 - Homepage is opened
2019-02-21 18:58:33 INFO  Log:22 - Username Entered
2019-02-21 18:58:36 INFO  Log:22 - Password Entered
2019-02-21 18:58:42 INFO  Log:22 - Destination Entered
2019-02-21 18:58:43 INFO  Log:22 - Arrival Date Entered
2019-02-21 18:58:54 INFO  Log:17 - Test is Ending...
2019-02-21 19:01:24 INFO  Log:12 - Test is Starting...
2019-02-21 19:01:31 INFO  Log:22 - Opening Homeaway Website
2019-02-21 19:02:32 INFO  Log:22 - Chrome Browser is opened
2019-02-21 19:02:35 INFO  Log:22 - Browser is maximized
2019-02-21 19:02:36 INFO  Log:22 - Homepage is opened
2019-02-21 19:02:50 INFO  Log:22 - Username Entered
2019-02-21 19:02:53 INFO  Log:22 - Password Entered
2019-02-21 19:02:59 INFO  Log:22 - Destination Entered
2019-02-21 19:03:00 INFO  Log:22 - Arrival Date Entered
2019-02-21 19:03:10 INFO  Log:17 - Test is Ending...
2019-02-21 19:05:10 INFO  Log:12 - Test is Starting...
2019-02-21 19:05:21 INFO  Log:22 - Opening Homeaway Website
2019-02-21 19:06:55 INFO  Log:22 - Chrome Browser is opened
2019-02-21 19:06:57 INFO  Log:22 - Browser is maximized
2019-02-21 19:06:58 INFO  Log:22 - Homepage is opened
2019-02-21 19:07:12 INFO  Log:22 - Username Entered
2019-02-21 19:07:15 INFO  Log:22 - Password Entered
2019-02-21 19:07:20 INFO  Log:22 - Destination Entered
2019-02-21 19:07:22 INFO  Log:22 - Arrival Date Entered
2019-02-21 19:07:33 INFO  Log:17 - Test is Ending...
2019-02-22 18:31:41 INFO  Log:12 - Test is Starting...
2019-02-22 18:32:00 INFO  Log:22 - Opening Homeaway Website
2019-02-22 18:32:09 INFO  Log:22 - Chrome Browser is opened
2019-02-22 18:32:11 INFO  Log:22 - Browser is maximized
2019-02-22 18:32:11 INFO  Log:22 - Homepage is opened
2019-02-22 18:32:11 INFO  Log:17 - Test is Ending...
2019-02-22 18:35:18 INFO  Log:12 - Test is Starting...
2019-02-22 18:35:27 INFO  Log:22 - Opening Homeaway Website
2019-02-22 18:36:20 INFO  Log:22 - Chrome Browser is opened
2019-02-22 18:36:21 INFO  Log:22 - Browser is maximized
2019-02-22 18:36:21 INFO  Log:22 - Homepage is opened
2019-02-22 18:36:31 INFO  Log:22 - Username Entered
2019-02-22 18:36:34 INFO  Log:22 - Password Entered
2019-02-22 18:36:40 INFO  Log:22 - Destination Entered
2019-02-22 18:36:41 INFO  Log:22 - Arrival Date Entered
2019-02-22 18:36:51 INFO  Log:17 - Test is Ending...
2019-02-22 18:40:29 INFO  Log:12 - Test is Starting...
2019-02-22 18:40:36 INFO  Log:22 - Opening Homeaway Website
2019-02-22 18:40:55 INFO  Log:22 - Chrome Browser is opened
2019-02-22 18:40:58 INFO  Log:22 - Browser is maximized
2019-02-22 18:40:58 INFO  Log:22 - Homepage is opened
2019-02-22 18:41:08 INFO  Log:22 - Username Entered
2019-02-22 18:41:10 INFO  Log:22 - Password Entered
2019-02-22 18:41:16 INFO  Log:22 - Destination Entered
2019-02-22 18:41:17 INFO  Log:22 - Arrival Date Entered
2019-02-22 18:41:22 INFO  Log:17 - Test is Ending...
2019-02-22 18:48:18 INFO  Log:12 - Test is Starting...
2019-02-22 18:52:26 INFO  Log:12 - Test is Starting...
2019-02-22 18:53:32 INFO  Log:22 - Opening Homeaway Website
2019-02-22 18:54:49 INFO  Log:22 - Chrome Browser is opened
2019-02-22 18:54:53 INFO  Log:22 - Browser is maximized
2019-02-22 18:54:56 INFO  Log:22 - Homepage is opened
2019-02-22 18:55:16 INFO  Log:22 - Username Entered
2019-02-22 18:55:20 INFO  Log:22 - Password Entered
2019-02-22 18:55:26 INFO  Log:22 - Destination Entered
2019-02-22 18:55:27 INFO  Log:22 - Arrival Date Entered
2019-02-22 18:55:38 INFO  Log:17 - Test is Ending...
2019-02-22 19:00:02 INFO  Log:12 - Test is Starting...
2019-02-22 19:00:25 INFO  Log:22 - Opening Homeaway Website
2019-02-22 19:01:28 INFO  Log:22 - Chrome Browser is opened
2019-02-22 19:04:55 INFO  Log:22 - Browser is maximized
2019-02-22 19:05:02 INFO  Log:22 - Homepage is opened
2019-02-22 19:05:15 INFO  Log:22 - Username Entered
2019-02-22 19:05:17 INFO  Log:22 - Password Entered
2019-02-22 19:05:24 INFO  Log:22 - Destination Entered
2019-02-22 19:05:24 INFO  Log:22 - Arrival Date Entered
2019-02-22 19:05:36 INFO  Log:17 - Test is Ending...
2019-02-25 16:46:16 INFO  Log:12 - Test is Starting...
2019-02-25 16:47:19 INFO  Log:22 - Opening Homeaway Website
2019-02-25 16:57:20 INFO  Log:12 - Test is Starting...
2019-02-25 16:58:15 INFO  Log:22 - Opening Homeaway Website
2019-02-25 16:58:35 INFO  Log:22 - Chrome Browser is opened
2019-02-25 17:44:00 INFO  Log:12 - Test is Starting...
2019-02-25 17:44:33 INFO  Log:22 - Opening Homeaway Website
2019-02-25 17:45:12 INFO  Log:22 - Chrome Browser is opened
2019-02-25 17:46:36 INFO  Log:22 - Browser is maximized
2019-02-25 17:46:37 INFO  Log:22 - Homepage is opened
2019-02-25 17:46:50 INFO  Log:22 - Username Entered
2019-02-25 17:46:54 INFO  Log:22 - Password Entered
2019-02-25 17:47:01 INFO  Log:22 - Destination Entered
2019-02-25 17:47:02 INFO  Log:22 - Arrival Date Entered
2019-02-25 17:47:14 INFO  Log:17 - Test is Ending...
2019-02-25 17:50:21 INFO  Log:12 - Test is Starting...
2019-02-25 17:50:38 INFO  Log:22 - Opening Homeaway Website
2019-02-25 17:52:09 INFO  Log:22 - Chrome Browser is opened
2019-02-25 17:52:13 INFO  Log:22 - Browser is maximized
2019-02-25 17:52:14 INFO  Log:22 - Homepage is opened
2019-02-25 17:52:24 INFO  Log:22 - Username Entered
2019-02-25 17:52:28 INFO  Log:22 - Password Entered
2019-02-25 17:52:33 INFO  Log:22 - Destination Entered
2019-02-25 17:52:34 INFO  Log:22 - Arrival Date Entered
2019-02-25 17:52:45 INFO  Log:17 - Test is Ending...
2019-02-25 18:14:24 INFO  Log:12 - Test is Starting...
2019-02-25 18:14:53 INFO  Log:22 - Opening Homeaway Website
2019-02-25 18:16:10 INFO  Log:22 - Chrome Browser is opened
2019-02-25 18:16:13 INFO  Log:22 - Browser is maximized
2019-02-25 18:16:15 INFO  Log:22 - Homepage is opened
2019-02-25 18:19:15 INFO  Log:22 - Username Entered
2019-02-25 18:19:19 INFO  Log:22 - Password Entered
2019-02-25 18:19:45 INFO  Log:22 - Destination Entered
2019-02-25 18:19:48 INFO  Log:22 - Arrival Date Entered
2019-02-25 18:19:59 INFO  Log:17 - Test is Ending...
2019-02-25 18:53:48 INFO  Log:12 - Test is Starting...
2019-02-25 18:54:52 INFO  Log:22 - Opening Homeaway Website
2019-02-25 18:56:19 INFO  Log:22 - Chrome Browser is opened
2019-02-25 18:56:21 INFO  Log:22 - Browser is maximized
2019-02-25 18:56:23 INFO  Log:22 - Homepage is opened
2019-02-25 18:58:30 INFO  Log:22 - Username Entered
2019-02-25 18:58:37 INFO  Log:22 - Password Entered
2019-02-25 18:59:07 INFO  Log:22 - Destination Entered
2019-02-25 18:59:08 INFO  Log:22 - Arrival Date Entered
2019-02-25 18:59:14 INFO  Log:22 - Departure Date Entered
2019-02-25 18:59:20 INFO  Log:17 - Test is Ending...
2019-02-26 17:40:18 INFO  Log:12 - Test is Starting...
2019-02-26 17:41:14 INFO  Log:22 - Opening Homeaway Website
2019-02-26 17:42:18 INFO  Log:22 - Chrome Browser is opened
2019-02-26 17:42:22 INFO  Log:22 - Browser is maximized
2019-02-26 17:42:23 INFO  Log:22 - Homepage is opened
2019-02-26 17:43:39 INFO  Log:22 - Username Entered
2019-02-26 17:43:42 INFO  Log:22 - Password Entered
2019-02-26 17:44:10 INFO  Log:22 - Destination Entered
2019-02-26 17:44:11 INFO  Log:22 - Arrival Date Entered
2019-02-26 17:44:16 INFO  Log:22 - Departure Date Entered
2019-02-26 17:44:22 INFO  Log:17 - Test is Ending...
2019-02-26 17:59:16 INFO  Log:12 - Test is Starting...
2019-02-26 18:00:03 INFO  Log:22 - Opening Homeaway Website
2019-02-26 18:01:19 INFO  Log:22 - Chrome Browser is opened
2019-02-26 18:01:22 INFO  Log:22 - Browser is maximized
2019-02-26 18:01:22 INFO  Log:22 - Homepage is opened
2019-02-26 18:03:23 INFO  Log:22 - Username Entered
2019-02-26 18:03:26 INFO  Log:22 - Password Entered
2019-02-26 18:03:37 INFO  Log:22 - Destination Entered
2019-02-26 18:03:40 INFO  Log:22 - Arrival Date Entered
2019-02-26 18:03:46 INFO  Log:22 - Departure Date Entered
2019-02-26 18:03:51 INFO  Log:17 - Test is Ending...
2019-02-26 18:11:10 INFO  Log:12 - Test is Starting...
2019-02-26 18:11:46 INFO  Log:12 - Test is Starting...
2019-02-26 18:11:52 INFO  Log:22 - Opening Homeaway Website
2019-02-26 18:12:13 INFO  Log:22 - Chrome Browser is opened
2019-02-26 18:12:14 INFO  Log:22 - Browser is maximized
2019-02-26 18:12:15 INFO  Log:22 - Homepage is opened
2019-02-26 18:12:37 INFO  Log:22 - Username Entered
2019-02-26 18:12:41 INFO  Log:22 - Password Entered
2019-02-26 18:12:57 INFO  Log:22 - Destination Entered
2019-02-26 18:13:00 INFO  Log:22 - Arrival Date Entered
2019-02-26 18:13:06 INFO  Log:22 - Departure Date Entered
2019-02-26 18:13:07 INFO  Log:22 - guest Count Entered
2019-02-26 18:13:44 INFO  Log:22 - Search Page is opened
2019-02-26 18:13:52 INFO  Log:22 - Property Details Page is opened
2019-02-26 18:14:01 INFO  Log:22 - Mobile Number Entered
2019-02-26 18:14:04 INFO  Log:22 - Message to Owner Entered
2019-02-26 18:14:18 INFO  Log:22 - Inquiry Sent Successfully
2019-02-26 18:14:18 INFO  Log:17 - Test is Ending...
2019-02-26 18:17:48 INFO  Log:12 - Test is Starting...
2019-02-26 18:19:14 INFO  Log:12 - Test is Starting...
2019-02-26 18:19:25 INFO  Log:22 - Opening Homeaway Website
2019-02-26 18:19:39 INFO  Log:22 - Chrome Browser is opened
2019-02-26 18:20:00 INFO  Log:22 - Browser is maximized
2019-02-26 18:20:00 INFO  Log:22 - Homepage is opened
2019-02-26 18:20:09 INFO  Log:22 - Username Entered
2019-02-26 18:20:12 INFO  Log:22 - Password Entered
2019-02-26 18:20:18 INFO  Log:22 - Destination Entered
2019-02-26 18:20:19 INFO  Log:22 - Arrival Date Entered
2019-02-26 18:20:25 INFO  Log:22 - Departure Date Entered
2019-02-26 18:20:25 INFO  Log:22 - guest Count Entered
2019-02-26 18:21:10 INFO  Log:22 - Search Page is opened
2019-02-26 18:21:23 INFO  Log:22 - Property Details Page is opened
2019-02-26 18:21:32 INFO  Log:22 - Mobile Number Entered
2019-02-26 18:21:38 INFO  Log:22 - Message to Owner Entered
2019-02-26 18:21:38 INFO  Log:22 - Inquiry Sent Successfully
2019-02-26 18:21:38 INFO  Log:17 - Test is Ending...
2019-02-26 18:25:15 INFO  Log:12 - Test is Starting...
2019-02-26 18:25:25 INFO  Log:22 - Opening Homeaway Website
2019-02-26 18:25:35 INFO  Log:22 - Chrome Browser is opened
2019-02-26 18:26:01 INFO  Log:22 - Browser is maximized
2019-02-26 18:26:01 INFO  Log:22 - Homepage is opened
2019-02-26 18:26:11 INFO  Log:22 - Username Entered
2019-02-26 18:26:14 INFO  Log:22 - Password Entered
2019-02-26 18:26:20 INFO  Log:22 - Destination Entered
2019-02-26 18:26:22 INFO  Log:22 - Arrival Date Entered
2019-02-26 18:26:28 INFO  Log:22 - Departure Date Entered
2019-02-26 18:26:29 INFO  Log:22 - guest Count Entered
2019-02-26 18:27:05 INFO  Log:22 - Search Page is opened
2019-02-26 18:27:15 INFO  Log:22 - Property Details Page is opened
2019-02-26 18:27:35 INFO  Log:22 - Mobile Number Entered
2019-02-26 18:27:36 INFO  Log:22 - Message to Owner Entered
2019-02-26 18:27:42 INFO  Log:22 - Inquiry Sent Successfully
2019-02-26 18:27:42 INFO  Log:17 - Test is Ending...
2019-03-01 11:48:47 INFO  Log:12 - Test is Starting...
2019-03-01 11:49:08 INFO  Log:22 - Opening Homeaway Website
2019-03-01 11:49:45 INFO  Log:22 - Chrome Browser is opened
2019-03-01 11:49:47 INFO  Log:22 - Browser is maximized
2019-03-01 11:49:48 INFO  Log:22 - Homepage is opened
2019-03-01 11:49:53 INFO  Log:17 - Test is Ending...
2019-03-01 11:55:22 INFO  Log:12 - Test is Starting...
2019-03-01 11:55:29 INFO  Log:22 - Opening Homeaway Website
2019-03-01 11:55:54 INFO  Log:22 - Chrome Browser is opened
2019-03-01 11:55:56 INFO  Log:22 - Browser is maximized
2019-03-01 11:55:56 INFO  Log:22 - Homepage is opened
2019-03-01 11:56:05 INFO  Log:22 - Username Entered
2019-03-01 11:56:08 INFO  Log:22 - Password Entered
2019-03-01 11:56:14 INFO  Log:22 - Destination Entered
2019-03-01 11:56:19 INFO  Log:17 - Test is Ending...
2019-03-01 11:59:09 INFO  Log:12 - Test is Starting...
2019-03-01 11:59:15 INFO  Log:22 - Opening Homeaway Website
2019-03-01 11:59:32 INFO  Log:22 - Chrome Browser is opened
2019-03-01 11:59:36 INFO  Log:22 - Browser is maximized
2019-03-01 11:59:36 INFO  Log:22 - Homepage is opened
2019-03-01 11:59:45 INFO  Log:22 - Username Entered
2019-03-01 11:59:47 INFO  Log:22 - Password Entered
2019-03-01 11:59:52 INFO  Log:22 - Destination Entered
2019-03-01 11:59:58 INFO  Log:17 - Test is Ending...
2019-03-01 12:05:08 INFO  Log:12 - Test is Starting...
2019-03-01 12:05:22 INFO  Log:22 - Opening Homeaway Website
2019-03-01 12:05:44 INFO  Log:22 - Chrome Browser is opened
2019-03-01 12:06:40 INFO  Log:22 - Browser is maximized
2019-03-01 12:06:42 INFO  Log:22 - Homepage is opened
2019-03-01 12:06:44 INFO  Log:17 - Test is Ending...
2019-03-01 12:07:13 INFO  Log:12 - Test is Starting...
2019-03-01 12:07:22 INFO  Log:22 - Opening Homeaway Website
2019-03-01 12:08:20 INFO  Log:22 - Chrome Browser is opened
2019-03-01 12:08:24 INFO  Log:22 - Browser is maximized
2019-03-01 12:08:25 INFO  Log:22 - Homepage is opened
2019-03-01 12:08:40 INFO  Log:22 - Username Entered
2019-03-01 12:08:43 INFO  Log:22 - Password Entered
2019-03-01 12:08:48 INFO  Log:22 - Destination Entered
2019-03-01 12:08:50 INFO  Log:22 - Arrival Date Entered
2019-03-01 12:08:55 INFO  Log:22 - Departure Date Entered
2019-03-01 12:08:56 INFO  Log:22 - guest Count Entered
2019-03-01 12:09:17 INFO  Log:22 - Search Page is opened
2019-03-01 12:09:23 INFO  Log:22 - Property Details Page is opened
2019-03-01 12:09:35 INFO  Log:22 - Mobile Number Entered
2019-03-01 12:09:36 INFO  Log:22 - Message to Owner Entered
2019-03-01 12:09:37 INFO  Log:22 - Inquiry Sent Successfully
2019-03-01 12:09:37 INFO  Log:17 - Test is Ending...
2019-03-01 12:24:10 INFO  Log:12 - Test is Starting...
2019-03-01 12:24:19 INFO  Log:22 - Opening Homeaway Website
2019-03-01 12:25:10 INFO  Log:22 - Chrome Browser is opened
2019-03-01 12:25:12 INFO  Log:22 - Browser is maximized
2019-03-01 12:25:13 INFO  Log:22 - Homepage is opened
2019-03-01 12:25:25 INFO  Log:22 - Username Entered
2019-03-01 12:25:27 INFO  Log:22 - Password Entered
2019-03-01 12:25:33 INFO  Log:22 - Destination Entered
2019-03-01 12:25:34 INFO  Log:22 - Arrival Date Entered
2019-03-01 12:25:39 INFO  Log:22 - Departure Date Entered
2019-03-01 12:25:40 INFO  Log:22 - guest Count Entered
2019-03-01 12:26:12 INFO  Log:22 - Search Page is opened
2019-03-01 12:26:20 INFO  Log:22 - Property Details Page is opened
2019-03-01 12:26:36 INFO  Log:22 - Mobile Number Entered
2019-03-01 12:26:38 INFO  Log:22 - Message to Owner Entered
2019-03-01 12:26:38 INFO  Log:22 - Inquiry Sent Successfully
2019-03-01 12:26:38 INFO  Log:22 - Homepage is opened
2019-03-01 12:26:46 INFO  Log:17 - Test is Ending...
2019-03-01 12:42:50 INFO  Log:12 - Test is Starting...
2019-03-01 12:43:20 INFO  Log:22 - Opening Homeaway Website
2019-03-01 12:44:57 INFO  Log:22 - Chrome Browser is opened
2019-03-01 12:45:00 INFO  Log:22 - Browser is maximized
2019-03-01 12:45:00 INFO  Log:22 - Homepage is opened
2019-03-01 12:45:12 INFO  Log:22 - Username Entered
2019-03-01 12:45:16 INFO  Log:22 - Password Entered
2019-03-01 12:45:22 INFO  Log:22 - Destination Entered
2019-03-01 12:45:23 INFO  Log:22 - Arrival Date Entered
2019-03-01 12:45:29 INFO  Log:22 - Departure Date Entered
2019-03-01 12:45:29 INFO  Log:22 - guest Count Entered
2019-03-01 12:46:26 INFO  Log:22 - Search Page is opened
2019-03-01 12:46:35 INFO  Log:22 - Property Details Page is opened
2019-03-01 12:46:55 INFO  Log:17 - Test is Ending...
2019-03-01 13:35:18 INFO  Log:12 - Test is Starting...
2019-03-01 13:35:44 INFO  Log:22 - Opening Homeaway Website
2019-03-01 13:36:31 INFO  Log:22 - Chrome Browser is opened
2019-03-01 13:37:11 INFO  Log:22 - Browser is maximized
2019-03-01 13:37:11 INFO  Log:22 - Homepage is opened
2019-03-01 13:37:39 INFO  Log:22 - Username Entered
2019-03-01 13:37:43 INFO  Log:22 - Password Entered
2019-03-01 13:37:49 INFO  Log:22 - Destination Entered
2019-03-01 13:37:51 INFO  Log:22 - Arrival Date Entered
2019-03-01 13:37:56 INFO  Log:22 - Departure Date Entered
2019-03-01 13:37:58 INFO  Log:22 - guest Count Entered
2019-03-01 13:38:48 INFO  Log:22 - Search Page is opened
2019-03-01 13:39:02 INFO  Log:22 - Property Details Page is opened
2019-03-01 13:39:34 INFO  Log:17 - Test is Ending...
2019-03-01 14:03:13 INFO  Log:12 - Test is Starting...
2019-03-01 14:03:21 INFO  Log:22 - Opening Homeaway Website
2019-03-01 14:04:03 INFO  Log:22 - Chrome Browser is opened
2019-03-01 14:04:06 INFO  Log:22 - Browser is maximized
2019-03-01 14:04:07 INFO  Log:22 - Homepage is opened
2019-03-01 14:04:21 INFO  Log:22 - Username Entered
2019-03-01 14:04:24 INFO  Log:22 - Password Entered
2019-03-01 14:04:29 INFO  Log:22 - Destination Entered
2019-03-01 14:04:31 INFO  Log:22 - Arrival Date Entered
2019-03-01 14:04:36 INFO  Log:22 - Departure Date Entered
2019-03-01 14:04:37 INFO  Log:22 - guest Count Entered
2019-03-01 14:05:07 INFO  Log:22 - Search Page is opened
2019-03-01 14:05:19 INFO  Log:22 - Property Details Page is opened
2019-03-01 14:05:32 INFO  Log:17 - Test is Ending...
2019-03-01 16:18:48 INFO  Log:12 - Test is Starting...
2019-03-01 16:19:39 INFO  Log:22 - Opening Homeaway Website
2019-03-01 16:20:51 INFO  Log:22 - Chrome Browser is opened
2019-03-01 16:23:03 INFO  Log:22 - Browser is maximized
2019-03-01 16:23:05 INFO  Log:22 - Homepage is opened
2019-03-01 16:23:18 INFO  Log:22 - Username Entered
2019-03-01 16:23:23 INFO  Log:22 - Password Entered
2019-03-01 16:23:29 INFO  Log:22 - Destination Entered
2019-03-01 16:23:31 INFO  Log:22 - Arrival Date Entered
2019-03-01 16:23:36 INFO  Log:22 - Departure Date Entered
2019-03-01 16:23:38 INFO  Log:22 - guest Count Entered
2019-03-01 16:24:46 INFO  Log:22 - Search Page is opened
2019-03-01 16:24:53 INFO  Log:22 - Property Details Page is opened
2019-03-01 16:25:04 INFO  Log:22 - Mobile Number Entered
2019-03-01 16:25:07 INFO  Log:22 - Message to Owner Entered
2019-03-01 16:25:07 INFO  Log:22 - Inquiry Sent Successfully
2019-03-01 16:25:09 INFO  Log:17 - Test is Ending...
2019-03-12 18:55:33 INFO  Log:12 - Test is Starting...
2019-03-12 18:56:32 INFO  Log:12 - Test is Starting...
2019-03-12 18:57:00 INFO  Log:22 - Opening Homeaway Website
2019-03-12 18:57:56 INFO  Log:22 - Chrome Browser is opened
2019-03-12 18:57:58 INFO  Log:22 - Browser is maximized
2019-03-12 18:57:58 INFO  Log:22 - Homepage is opened
2019-03-12 18:58:05 INFO  Log:22 - Username Entered
2019-03-12 18:58:07 INFO  Log:22 - Password Entered
2019-03-12 18:58:13 INFO  Log:22 - Destination Entered
2019-03-12 18:58:13 INFO  Log:22 - Arrival Date Entered
2019-03-12 18:58:19 INFO  Log:22 - Departure Date Entered
2019-03-12 18:58:20 INFO  Log:22 - guest Count Entered
2019-03-12 18:58:34 INFO  Log:22 - Search Page is opened
2019-03-12 18:58:38 INFO  Log:22 - Property Details Page is opened
2019-03-12 18:58:45 INFO  Log:22 - Mobile Number Entered
2019-03-12 18:58:48 INFO  Log:22 - Message to Owner Entered
2019-03-12 18:58:48 INFO  Log:22 - Inquiry Sent Successfully
2019-03-12 18:58:49 INFO  Log:17 - Test is Ending...
2019-04-04 14:10:25 INFO  Log:12 - Test is Starting...
2019-04-04 14:11:31 INFO  Log:12 - Test is Starting...
2019-04-04 14:14:42 INFO  Log:12 - Test is Starting...
2019-04-04 17:32:52 INFO  Log:12 - Test is Starting...
2019-04-04 17:32:57 WARN  ResponseProcessCookies:130 - Invalid cookie header: "Set-Cookie: has_recent_activity=1; path=/; expires=Thu, 04 Apr 2019 13:02:57 -0000". Invalid 'expires' attribute: Thu, 04 Apr 2019 13:02:57 -0000
2019-04-04 17:32:57 WARN  ResponseProcessCookies:130 - Invalid cookie header: "Set-Cookie: logged_in=no; domain=.github.com; path=/; expires=Mon, 04 Apr 2039 12:02:57 -0000; secure; HttpOnly". Invalid 'expires' attribute: Mon, 04 Apr 2039 12:02:57 -0000
2019-04-04 17:36:11 INFO  Log:12 - Test is Starting...
2019-04-15 14:05:18 INFO  Log:12 - Test is Starting...
2019-04-15 14:06:11 INFO  Log:22 - Opening Homeaway Website
2019-04-15 14:08:22 INFO  Log:22 - Chrome Browser is opened
2019-04-15 14:08:24 INFO  Log:22 - Browser is maximized
2019-04-15 14:08:25 INFO  Log:22 - Homepage is opened
2019-04-15 14:08:37 INFO  Log:22 - Username Entered
2019-04-15 14:08:40 INFO  Log:22 - Password Entered
2019-04-15 14:08:46 INFO  Log:22 - Destination Entered
2019-04-15 14:08:47 INFO  Log:22 - Arrival Date Entered
2019-04-15 14:08:53 INFO  Log:22 - Departure Date Entered
2019-04-15 14:08:54 INFO  Log:22 - guest Count Entered
2019-04-15 14:09:11 INFO  Log:22 - Search Page is opened
2019-04-15 14:09:17 INFO  Log:17 - Test is Ending...
2019-04-15 14:10:55 INFO  Log:12 - Test is Starting...
2019-04-15 14:11:05 INFO  Log:22 - Opening Homeaway Website
2019-04-15 14:12:22 INFO  Log:22 - Chrome Browser is opened
2019-04-15 14:12:26 INFO  Log:22 - Browser is maximized
2019-04-15 14:12:27 INFO  Log:22 - Homepage is opened
2019-04-15 14:12:38 INFO  Log:22 - Username Entered
2019-04-15 14:12:41 INFO  Log:22 - Password Entered
2019-04-15 14:12:47 INFO  Log:22 - Destination Entered
2019-04-15 14:12:48 INFO  Log:22 - Arrival Date Entered
2019-04-15 14:12:53 INFO  Log:22 - Departure Date Entered
2019-04-15 14:12:54 INFO  Log:22 - guest Count Entered
2019-04-15 14:13:11 INFO  Log:22 - Search Page is opened
2019-04-15 14:13:16 INFO  Log:17 - Test is Ending...
2019-04-15 14:40:37 INFO  Log:12 - Test is Starting...
2019-04-15 14:40:55 INFO  Log:22 - Opening Homeaway Website
2019-04-15 14:41:49 INFO  Log:22 - Chrome Browser is opened
2019-04-15 14:41:54 INFO  Log:22 - Browser is maximized
2019-04-15 14:41:55 INFO  Log:22 - Homepage is opened
2019-04-15 14:42:13 INFO  Log:22 - Username Entered
2019-04-15 14:42:16 INFO  Log:22 - Password Entered
2019-04-15 14:42:22 INFO  Log:22 - Destination Entered
2019-04-15 14:42:23 INFO  Log:22 - Arrival Date Entered
2019-04-15 14:42:29 INFO  Log:22 - Departure Date Entered
2019-04-15 14:42:30 INFO  Log:22 - guest Count Entered
2019-04-15 14:42:52 INFO  Log:22 - Search Page is opened
2019-04-15 14:42:57 INFO  Log:17 - Test is Ending...
2019-04-15 14:55:33 INFO  Log:12 - Test is Starting...
2019-04-15 14:56:35 INFO  Log:22 - Opening Homeaway Website
2019-04-15 14:59:41 INFO  Log:22 - Chrome Browser is opened
2019-04-15 14:59:47 INFO  Log:22 - Browser is maximized
2019-04-15 14:59:50 INFO  Log:22 - Homepage is opened
2019-04-15 15:00:03 INFO  Log:22 - Username Entered
2019-04-15 15:00:05 INFO  Log:22 - Password Entered
2019-04-15 15:00:11 INFO  Log:22 - Destination Entered
2019-04-15 15:00:12 INFO  Log:22 - Arrival Date Entered
2019-04-15 15:00:18 INFO  Log:22 - Departure Date Entered
2019-04-15 15:00:19 INFO  Log:22 - guest Count Entered
2019-04-15 15:00:38 INFO  Log:22 - Search Page is opened
2019-04-15 15:00:44 INFO  Log:22 - Property Details Page is opened
2019-04-15 15:00:53 INFO  Log:17 - Test is Ending...
2019-04-15 15:15:45 INFO  Log:12 - Test is Starting...
2019-04-15 15:16:20 INFO  Log:22 - Opening Homeaway Website
2019-04-15 15:18:45 INFO  Log:22 - Chrome Browser is opened
2019-04-15 15:18:50 INFO  Log:22 - Browser is maximized
2019-04-15 15:18:51 INFO  Log:22 - Homepage is opened
2019-04-15 15:19:00 INFO  Log:22 - Username Entered
2019-04-15 15:19:05 INFO  Log:22 - Password Entered
2019-04-15 15:19:11 INFO  Log:22 - Destination Entered
2019-04-15 15:19:12 INFO  Log:22 - Arrival Date Entered
2019-04-15 15:19:17 INFO  Log:22 - Departure Date Entered
2019-04-15 15:19:18 INFO  Log:22 - guest Count Entered
2019-04-15 15:19:36 INFO  Log:22 - Search Page is opened
2019-04-15 15:19:41 INFO  Log:22 - Property Details Page is opened
2019-04-15 15:19:48 INFO  Log:17 - Test is Ending...
2019-04-15 15:33:26 INFO  Log:12 - Test is Starting...
2019-04-15 15:33:49 INFO  Log:22 - Opening Homeaway Website
2019-04-15 15:36:17 INFO  Log:22 - Chrome Browser is opened
2019-04-15 15:36:26 INFO  Log:22 - Browser is maximized
2019-04-15 15:36:28 INFO  Log:22 - Homepage is opened
2019-04-15 15:36:41 INFO  Log:22 - Username Entered
2019-04-15 15:36:43 INFO  Log:22 - Password Entered
2019-04-15 15:36:49 INFO  Log:22 - Destination Entered
2019-04-15 15:36:50 INFO  Log:22 - Arrival Date Entered
2019-04-15 15:36:56 INFO  Log:22 - Departure Date Entered
2019-04-15 15:36:57 INFO  Log:22 - guest Count Entered
2019-04-15 15:37:16 INFO  Log:22 - Search Page is opened
2019-04-15 15:37:20 INFO  Log:22 - Property Details Page is opened
2019-04-15 15:37:30 INFO  Log:17 - Test is Ending...
2019-04-15 15:46:29 INFO  Log:12 - Test is Starting...
2019-04-15 15:47:08 INFO  Log:22 - Opening Homeaway Website
2019-04-15 15:48:56 INFO  Log:22 - Chrome Browser is opened
2019-04-15 15:48:58 INFO  Log:22 - Browser is maximized
2019-04-15 15:48:58 INFO  Log:22 - Homepage is opened
2019-04-15 15:49:12 INFO  Log:22 - Username Entered
2019-04-15 15:49:14 INFO  Log:22 - Password Entered
2019-04-15 15:49:20 INFO  Log:22 - Destination Entered
2019-04-15 15:49:21 INFO  Log:22 - Arrival Date Entered
2019-04-15 15:49:27 INFO  Log:22 - Departure Date Entered
2019-04-15 15:49:29 INFO  Log:22 - guest Count Entered
2019-04-15 15:49:52 INFO  Log:22 - Search Page is opened
2019-04-15 15:49:56 INFO  Log:22 - Property Details Page is opened
2019-04-15 15:50:04 INFO  Log:17 - Test is Ending...
2019-04-15 15:54:12 INFO  Log:12 - Test is Starting...
2019-04-15 15:54:30 INFO  Log:22 - Opening Homeaway Website
2019-04-15 15:56:17 INFO  Log:22 - Chrome Browser is opened
2019-04-15 15:56:25 INFO  Log:22 - Browser is maximized
2019-04-15 15:56:27 INFO  Log:22 - Homepage is opened
2019-04-15 15:56:35 INFO  Log:22 - Username Entered
2019-04-15 15:56:49 INFO  Log:22 - Password Entered
2019-04-15 15:56:55 INFO  Log:22 - Destination Entered
2019-04-15 15:56:56 INFO  Log:22 - Arrival Date Entered
2019-04-15 15:57:02 INFO  Log:22 - Departure Date Entered
2019-04-15 15:57:02 INFO  Log:22 - guest Count Entered
2019-04-15 15:57:19 INFO  Log:22 - Search Page is opened
2019-04-15 15:57:28 INFO  Log:22 - Property Details Page is opened
2019-04-15 15:57:39 INFO  Log:17 - Test is Ending...
2019-04-15 16:07:42 INFO  Log:12 - Test is Starting...
2019-04-15 16:08:30 INFO  Log:22 - Opening Homeaway Website
2019-04-15 16:11:34 INFO  Log:22 - Chrome Browser is opened
2019-04-15 16:11:41 INFO  Log:22 - Browser is maximized
2019-04-15 16:11:44 INFO  Log:22 - Homepage is opened
2019-04-15 16:11:50 INFO  Log:22 - Username Entered
2019-04-15 16:11:52 INFO  Log:22 - Password Entered
2019-04-15 16:12:01 INFO  Log:22 - Destination Entered
2019-04-15 16:12:04 INFO  Log:22 - Arrival Date Entered
2019-04-15 16:12:10 INFO  Log:22 - Departure Date Entered
2019-04-15 16:12:11 INFO  Log:22 - guest Count Entered
2019-04-15 16:12:35 INFO  Log:22 - Search Page is opened
2019-04-15 16:12:39 INFO  Log:22 - Property Details Page is opened
2019-04-15 16:12:47 INFO  Log:17 - Test is Ending...
2019-04-15 16:22:39 INFO  Log:12 - Test is Starting...
2019-04-15 16:23:15 INFO  Log:22 - Opening Homeaway Website
2019-04-15 16:25:39 INFO  Log:22 - Chrome Browser is opened
2019-04-15 16:25:49 INFO  Log:22 - Browser is maximized
2019-04-15 16:25:51 INFO  Log:22 - Homepage is opened
2019-04-15 16:26:00 INFO  Log:22 - Username Entered
2019-04-15 16:26:03 INFO  Log:22 - Password Entered
2019-04-15 16:26:15 INFO  Log:22 - Destination Entered
2019-04-15 16:26:16 INFO  Log:22 - Arrival Date Entered
2019-04-15 16:26:22 INFO  Log:22 - Departure Date Entered
2019-04-15 16:26:23 INFO  Log:22 - guest Count Entered
2019-04-15 16:26:41 INFO  Log:22 - Search Page is opened
2019-04-15 16:26:48 INFO  Log:22 - Property Details Page is opened
2019-04-15 16:27:03 INFO  Log:17 - Test is Ending...
2019-04-15 16:29:19 INFO  Log:12 - Test is Starting...
2019-04-15 16:29:35 INFO  Log:22 - Opening Homeaway Website
2019-04-15 16:31:02 INFO  Log:22 - Chrome Browser is opened
2019-04-15 16:31:04 INFO  Log:22 - Browser is maximized
2019-04-15 16:31:05 INFO  Log:22 - Homepage is opened
2019-04-15 16:31:18 INFO  Log:22 - Username Entered
2019-04-15 16:31:20 INFO  Log:22 - Password Entered
2019-04-15 16:31:26 INFO  Log:22 - Destination Entered
2019-04-15 16:31:28 INFO  Log:22 - Arrival Date Entered
2019-04-15 16:31:34 INFO  Log:22 - Departure Date Entered
2019-04-15 16:31:34 INFO  Log:22 - guest Count Entered
2019-04-15 16:31:48 INFO  Log:22 - Search Page is opened
2019-04-15 16:31:58 INFO  Log:22 - Property Details Page is opened
2019-04-15 16:32:11 INFO  Log:17 - Test is Ending...
2019-04-15 16:35:04 INFO  Log:12 - Test is Starting...
2019-04-15 16:35:14 INFO  Log:22 - Opening Homeaway Website
2019-04-15 16:35:54 INFO  Log:22 - Chrome Browser is opened
2019-04-15 16:35:58 INFO  Log:22 - Browser is maximized
2019-04-15 16:35:59 INFO  Log:22 - Homepage is opened
2019-04-15 16:36:06 INFO  Log:17 - Test is Ending...
2019-04-15 16:41:53 INFO  Log:12 - Test is Starting...
2019-04-15 16:42:00 INFO  Log:22 - Opening Homeaway Website
2019-04-15 16:42:35 INFO  Log:22 - Chrome Browser is opened
2019-04-15 16:42:38 INFO  Log:22 - Browser is maximized
2019-04-15 16:42:38 INFO  Log:22 - Homepage is opened
2019-04-15 16:42:51 INFO  Log:22 - Username Entered
2019-04-15 16:42:53 INFO  Log:22 - Password Entered
2019-04-15 16:42:59 INFO  Log:22 - Destination Entered
2019-04-15 16:43:00 INFO  Log:22 - Arrival Date Entered
2019-04-15 16:43:05 INFO  Log:22 - Departure Date Entered
2019-04-15 16:43:06 INFO  Log:22 - guest Count Entered
2019-04-15 16:43:28 INFO  Log:22 - Search Page is opened
2019-04-15 16:43:33 INFO  Log:22 - Property Details Page is opened
2019-04-15 16:43:40 INFO  Log:17 - Test is Ending...
2019-04-15 16:50:30 INFO  Log:12 - Test is Starting...
2019-04-15 16:50:39 INFO  Log:22 - Opening Homeaway Website
2019-04-15 16:51:47 INFO  Log:22 - Chrome Browser is opened
2019-04-15 16:51:53 INFO  Log:22 - Browser is maximized
2019-04-15 16:51:55 INFO  Log:22 - Homepage is opened
2019-04-15 16:52:12 INFO  Log:22 - Username Entered
2019-04-15 16:52:15 INFO  Log:22 - Password Entered
2019-04-15 16:52:21 INFO  Log:22 - Destination Entered
2019-04-15 16:52:22 INFO  Log:22 - Arrival Date Entered
2019-04-15 16:52:27 INFO  Log:22 - Departure Date Entered
2019-04-15 16:52:28 INFO  Log:22 - guest Count Entered
2019-04-15 16:52:45 INFO  Log:22 - Search Page is opened
2019-04-15 16:52:50 INFO  Log:22 - Property Details Page is opened
2019-04-15 16:53:13 INFO  Log:17 - Test is Ending...
2019-07-08 19:47:58 INFO  Log:12 - Test is Starting...
2019-07-08 19:48:28 INFO  Log:22 - Opening Homeaway Website
2019-07-08 19:48:43 INFO  Log:22 - Chrome Browser is opened
2019-07-08 19:48:44 INFO  Log:22 - Browser is maximized
2019-07-08 19:48:45 INFO  Log:22 - Homepage is opened
2019-07-08 19:48:53 INFO  Log:22 - Username Entered
2019-07-08 19:48:56 INFO  Log:22 - Password Entered
2019-07-08 19:49:01 INFO  Log:17 - Test is Ending...
2019-07-08 19:50:19 INFO  Log:12 - Test is Starting...
2019-07-08 19:50:23 INFO  Log:22 - Opening Homeaway Website
2019-07-08 19:50:36 INFO  Log:22 - Chrome Browser is opened
2019-07-08 19:50:39 INFO  Log:22 - Browser is maximized
2019-07-08 19:50:39 INFO  Log:22 - Homepage is opened
2019-07-08 19:50:39 INFO  Log:17 - Test is Ending...
2019-07-08 19:51:36 INFO  Log:12 - Test is Starting...
2019-07-08 19:51:40 INFO  Log:22 - Opening Homeaway Website
2019-07-08 19:51:53 INFO  Log:22 - Chrome Browser is opened
2019-07-08 19:51:55 INFO  Log:22 - Browser is maximized
2019-07-08 19:51:55 INFO  Log:22 - Homepage is opened
2019-07-08 19:51:55 INFO  Log:17 - Test is Ending...
2019-07-08 19:52:22 INFO  Log:12 - Test is Starting...
2019-07-08 19:52:26 INFO  Log:22 - Opening Homeaway Website
2019-07-08 19:52:38 INFO  Log:22 - Chrome Browser is opened
2019-07-08 19:52:40 INFO  Log:22 - Browser is maximized
2019-07-08 19:52:40 INFO  Log:22 - Homepage is opened
2019-07-08 19:52:43 INFO  Log:22 - Username Entered
2019-07-08 19:52:46 INFO  Log:22 - Password Entered
2019-07-08 19:52:51 INFO  Log:17 - Test is Ending...
2019-07-08 20:01:17 INFO  Log:12 - Test is Starting...
2019-07-08 20:02:31 INFO  Log:22 - Opening Homeaway Website
2019-07-08 20:03:32 INFO  Log:22 - Chrome Browser is opened
2019-07-08 20:03:38 INFO  Log:22 - Browser is maximized
2019-07-08 20:03:41 INFO  Log:22 - Homepage is opened
2019-07-08 20:03:53 INFO  Log:22 - Username Entered
2019-07-08 20:03:55 INFO  Log:22 - Password Entered
2019-07-08 20:04:01 INFO  Log:17 - Test is Ending...
2019-07-08 20:05:11 INFO  Log:12 - Test is Starting...
2019-07-08 20:05:20 INFO  Log:22 - Opening Homeaway Website
2019-07-08 20:05:46 INFO  Log:22 - Chrome Browser is opened
2019-07-08 20:05:49 INFO  Log:22 - Browser is maximized
2019-07-08 20:05:49 INFO  Log:22 - Homepage is opened
2019-07-08 20:06:01 INFO  Log:22 - Username Entered
2019-07-08 20:06:05 INFO  Log:22 - Password Entered
2019-07-08 20:06:11 INFO  Log:22 - Destination Entered
2019-07-08 20:06:13 INFO  Log:22 - Arrival Date Entered
2019-07-08 20:06:19 INFO  Log:22 - Departure Date Entered
2019-07-08 20:06:20 INFO  Log:22 - guest Count Entered
2019-07-08 20:06:36 INFO  Log:22 - Search Page is opened
2019-07-08 20:06:41 INFO  Log:22 - Property Details Page is opened
2019-07-08 20:06:59 INFO  Log:17 - Test is Ending...
2019-07-08 20:09:31 INFO  Log:12 - Test is Starting...
2019-07-08 20:10:18 INFO  Log:22 - Opening Homeaway Website
2019-07-08 20:11:31 INFO  Log:22 - Chrome Browser is opened
2019-07-08 20:11:36 INFO  Log:22 - Browser is maximized
2019-07-08 20:11:37 INFO  Log:22 - Homepage is opened
2019-07-08 20:11:53 INFO  Log:22 - Username Entered
2019-07-08 20:11:57 INFO  Log:22 - Password Entered
2019-07-08 20:12:03 INFO  Log:22 - Destination Entered
2019-07-08 20:12:04 INFO  Log:22 - Arrival Date Entered
2019-07-08 20:12:10 INFO  Log:22 - Departure Date Entered
2019-07-08 20:12:11 INFO  Log:22 - guest Count Entered
2019-07-08 20:12:29 INFO  Log:22 - Search Page is opened
2019-07-08 20:12:37 INFO  Log:22 - Property Details Page is opened
2019-07-08 20:12:45 INFO  Log:17 - Test is Ending...
2019-07-08 20:18:49 INFO  Log:12 - Test is Starting...
2019-07-08 20:19:02 INFO  Log:22 - Opening Homeaway Website
2019-07-08 20:19:30 INFO  Log:22 - Chrome Browser is opened
2019-07-08 20:19:42 INFO  Log:22 - Browser is maximized
2019-07-08 20:19:42 INFO  Log:22 - Homepage is opened
2019-07-08 20:20:08 INFO  Log:22 - Username Entered
2019-07-08 20:20:15 INFO  Log:22 - Password Entered
2019-07-08 20:20:21 INFO  Log:22 - Destination Entered
2019-07-08 20:20:27 INFO  Log:22 - Arrival Date Entered
2019-07-08 20:20:32 INFO  Log:22 - Departure Date Entered
2019-07-08 20:20:33 INFO  Log:22 - guest Count Entered
2019-07-08 20:20:57 INFO  Log:22 - Search Page is opened
2019-07-08 20:21:02 INFO  Log:22 - Property Details Page is opened
2019-07-08 20:21:10 INFO  Log:17 - Test is Ending...
2019-07-25 21:09:08 INFO  Log:12 - Test is Starting...
2019-07-25 21:09:11 INFO  RetryExec:97 - I/O exception (java.net.SocketException) caught when processing request to {s}->https://raw.githubusercontent.com:443: Connection reset
2019-07-25 21:09:11 INFO  RetryExec:113 - Retrying request to {s}->https://raw.githubusercontent.com:443
2019-07-25 21:09:11 INFO  RetryExec:97 - I/O exception (java.net.SocketException) caught when processing request to {s}->https://raw.githubusercontent.com:443: Connection reset
2019-07-25 21:09:11 INFO  RetryExec:113 - Retrying request to {s}->https://raw.githubusercontent.com:443
2019-07-25 21:09:11 INFO  RetryExec:97 - I/O exception (java.net.SocketException) caught when processing request to {s}->https://raw.githubusercontent.com:443: Connection reset
2019-07-25 21:09:11 INFO  RetryExec:113 - Retrying request to {s}->https://raw.githubusercontent.com:443
2019-07-25 21:10:25 INFO  Log:12 - Test is Starting...
2019-07-25 21:11:26 INFO  Log:12 - Test is Starting...
2019-09-23 11:33:56 INFO  Log:12 - Test is Starting...
2019-09-23 11:34:22 INFO  Log:22 - Opening Homeaway Website
2019-09-23 11:34:43 INFO  Log:22 - Chrome Browser is opened
2019-09-23 11:34:45 INFO  Log:22 - Browser is maximized
2019-09-23 11:34:47 INFO  Log:22 - Homepage is opened
2019-09-23 11:35:18 INFO  Log:22 - Username Entered
2019-09-23 11:35:21 INFO  Log:22 - Password Entered
2019-09-23 11:35:27 INFO  Log:22 - Destination Entered
2019-09-23 11:35:30 INFO  Log:22 - Arrival Date Entered
2019-09-23 11:35:36 INFO  Log:22 - Departure Date Entered
2019-09-23 11:35:36 INFO  Log:22 - guest Count Entered
2019-09-23 11:35:53 INFO  Log:22 - Search Page is opened
2019-09-23 11:35:58 INFO  Log:17 - Test is Ending...
2019-09-23 11:55:04 INFO  Log:12 - Test is Starting...
2019-09-23 11:55:30 INFO  Log:22 - Opening Homeaway Website
2019-09-23 11:56:00 INFO  Log:22 - Chrome Browser is opened
2019-09-23 11:58:45 INFO  Log:12 - Test is Starting...
2019-09-23 11:59:37 INFO  Log:22 - Opening Homeaway Website
2019-09-23 12:00:09 INFO  Log:22 - Chrome Browser is opened
2019-09-23 12:00:18 INFO  Log:22 - Browser is maximized
2019-09-23 12:00:19 INFO  Log:22 - Homepage is opened
2019-09-23 12:01:41 INFO  Log:22 - Username Entered
2019-09-23 12:01:47 INFO  Log:22 - Password Entered
2019-09-23 12:01:53 INFO  Log:22 - Destination Entered
2019-09-23 12:01:56 INFO  Log:22 - Arrival Date Entered
2019-09-23 12:02:01 INFO  Log:22 - Departure Date Entered
2019-09-23 12:02:02 INFO  Log:22 - guest Count Entered
2019-09-23 12:02:49 INFO  Log:22 - Search Page is opened
2019-09-23 12:02:57 INFO  Log:17 - Test is Ending...
2019-09-23 13:52:51 INFO  Log:12 - Test is Starting...
2019-09-23 13:53:25 INFO  Log:22 - Opening Homeaway Website
2019-09-23 13:54:09 INFO  Log:22 - Chrome Browser is opened
2019-09-23 13:54:12 INFO  Log:22 - Browser is maximized
2019-09-23 13:54:12 INFO  Log:22 - Homepage is opened
2019-09-23 13:54:57 INFO  Log:22 - Username Entered
2019-09-23 13:55:00 INFO  Log:22 - Password Entered
2019-09-23 13:55:06 INFO  Log:22 - Destination Entered
2019-09-23 13:55:08 INFO  Log:22 - Arrival Date Entered
2019-09-23 13:55:14 INFO  Log:22 - Departure Date Entered
2019-09-23 13:55:14 INFO  Log:22 - guest Count Entered
2019-09-23 13:55:34 INFO  Log:22 - Search Page is opened
2019-09-23 13:55:40 INFO  Log:17 - Test is Ending...
2019-09-23 14:29:48 INFO  Log:12 - Test is Starting...
2019-09-23 14:30:12 INFO  Log:22 - Opening Homeaway Website
2019-09-23 14:30:42 INFO  Log:22 - Chrome Browser is opened
2019-09-23 14:30:51 INFO  Log:22 - Browser is maximized
2019-09-23 14:30:53 INFO  Log:22 - Homepage is opened
2019-09-23 14:31:54 INFO  Log:22 - Username Entered
2019-09-23 14:31:57 INFO  Log:22 - Password Entered
2019-09-23 14:32:02 INFO  Log:22 - Destination Entered
2019-09-23 14:32:03 INFO  Log:22 - Arrival Date Entered
2019-09-23 14:32:08 INFO  Log:22 - Departure Date Entered
2019-09-23 14:32:09 INFO  Log:22 - guest Count Entered
2019-09-23 14:32:25 INFO  Log:22 - Search Page is opened
2019-09-23 14:32:31 INFO  Log:17 - Test is Ending...
2019-09-26 14:47:43 INFO  Log:12 - Test is Starting...
2019-09-26 15:10:00 INFO  Log:12 - Test is Starting...
2019-09-26 15:10:35 INFO  Log:22 - Opening Homeaway Website
2019-09-26 15:10:42 INFO  Log:22 - Chrome Browser is opened
2019-09-26 15:10:43 INFO  Log:22 - Browser is maximized
2019-09-26 15:10:43 INFO  Log:22 - Homepage is opened
2019-09-26 15:10:47 INFO  Log:17 - Test is Ending...
2019-09-26 16:47:50 INFO  Log:12 - Test is Starting...
2019-09-26 16:48:30 INFO  Log:22 - Opening Homeaway Website
2019-09-26 16:48:39 INFO  Log:22 - Chrome Browser is opened
2019-09-26 16:50:02 INFO  Log:12 - Test is Starting...
2020-08-06 16:05:01 INFO  Log:12 - Test is Starting...
2020-08-06 16:06:25 INFO  Log:22 - Opening Homeaway Website
2020-08-06 16:06:49 INFO  Log:22 - Chrome Browser is opened
2020-08-06 16:06:51 INFO  Log:22 - Browser is maximized
2020-08-06 16:06:53 INFO  Log:22 - Homepage is opened
2020-08-06 16:07:04 INFO  Log:22 - Username Entered
2020-08-06 16:07:06 INFO  Log:22 - Password Entered
2020-08-06 16:07:13 INFO  Log:17 - Test is Ending...
2020-11-04 11:04:14 INFO  Log:12 - Test is Starting...
2020-11-04 11:04:50 INFO  Log:22 - Opening Homeaway Website
2020-11-04 11:05:09 INFO  Log:22 - Chrome Browser is opened
2020-11-04 11:05:11 INFO  Log:22 - Browser is maximized
2020-11-04 11:05:13 INFO  Log:22 - Homepage is opened
2020-11-04 11:05:19 INFO  Log:22 - Username Entered
2020-11-04 11:05:21 INFO  Log:22 - Password Entered
2020-11-04 11:05:22 INFO  Log:17 - Test is Ending...
2020-11-23 17:57:13 INFO  Log:12 - Test is Starting...
2020-11-23 17:58:08 INFO  Log:12 - Test is Starting...
2020-11-23 18:03:25 INFO  Log:12 - Test is Starting...
2020-11-23 18:13:34 INFO  Log:12 - Test is Starting...
2020-11-23 18:16:41 INFO  Log:12 - Test is Starting...
2020-11-23 18:16:47 INFO  Log:22 - Opening Homeaway Website
2020-11-23 18:16:52 INFO  Log:22 - Chrome Browser is opened
2020-11-23 18:16:54 INFO  Log:22 - Browser is maximized
2020-11-23 18:16:54 INFO  Log:22 - Homepage is opened
2020-11-23 18:16:55 INFO  Log:22 - Username Entered
2020-11-23 18:16:56 INFO  Log:22 - Password Entered
2020-11-23 18:17:01 INFO  Log:17 - Test is Ending...
2020-12-09 12:26:16 INFO  Log:12 - Test is Starting...
2020-12-09 12:26:54 INFO  Log:12 - Test is Starting...
2020-12-09 12:30:49 INFO  Log:12 - Test is Starting...
2020-12-09 15:05:21 INFO  Log:12 - Test is Starting...
2020-12-09 15:05:25 INFO  Log:22 - Opening Homeaway Website
2020-12-09 15:05:28 INFO  Log:22 - Chrome Browser is opened
2020-12-09 15:05:30 INFO  Log:22 - Browser is maximized
2020-12-09 15:05:30 INFO  Log:22 - Homepage is opened
2020-12-09 15:05:31 INFO  Log:22 - Username Entered
2020-12-09 15:05:32 INFO  Log:22 - Password Entered
2020-12-09 15:05:37 INFO  Log:17 - Test is Ending...
2020-12-09 15:14:06 INFO  Log:12 - Test is Starting...
2020-12-09 15:14:10 INFO  Log:22 - Opening Google Website
2020-12-09 15:14:11 INFO  Log:22 - Chrome Browser is opened
2020-12-09 15:14:13 INFO  Log:22 - Browser is maximized
2020-12-09 15:14:13 INFO  Log:22 - Homepage is opened
2020-12-09 15:14:13 INFO  Log:17 - Test is Ending...
2020-12-09 15:15:03 INFO  Log:12 - Test is Starting...
2020-12-09 15:15:07 INFO  Log:22 - Opening Google Website
2020-12-09 15:15:08 INFO  Log:22 - Chrome Browser is opened
2020-12-09 15:15:10 INFO  Log:22 - Browser is maximized
2020-12-09 15:15:10 INFO  Log:22 - Homepage is opened
2020-12-09 15:15:10 INFO  Log:17 - Test is Ending...
